<?xml version="1.0" encoding="UTF-8"?>
<!-- Generated by org.testng.reporters.JUnitReportReporter -->
<testsuite hostname="werkwerk" name="com.cs.test.tests.SampleTestCase" tests="1" failures="0" timestamp="16 Feb 2018 01:05:51 GMT" time="3.218" errors="0">
  <testcase name="testOne" time="3.218" classname="com.cs.test.tests.SampleTestCase"/>
</testsuite> <!-- com.cs.test.tests.SampleTestCase -->
